app/build/intermediates/manifest_merge_blame_file/release/manifest-merger-blame-release-report.txt
1<?xml version="1.0" encoding="utf-8"?>
2<!--
3  HeliRFID - 智慧門禁管理系統
4  禾秝軟體開發團隊 / 代碼：洪俊士 / 版本：4.0.1
5-->
6<manifest xmlns:android="http://schemas.android.com/apk/res/android"
7    package="com.helirfid"
8    android:versionCode="9"
9    android:versionName="4.1.0" >
10
11    <uses-sdk
12        android:minSdkVersion="23"
13        android:targetSdkVersion="34" />
14
15    <uses-feature
15-->src\main\AndroidManifest.xml:8:5-10:34
16        android:name="android.hardware.nfc"
16-->src\main\AndroidManifest.xml:9:9-44
17        android:required="true" />
17-->src\main\AndroidManifest.xml:10:9-32
18    <uses-feature
18-->src\main\AndroidManifest.xml:12:5-14:35
19        android:name="android.hardware.usb.host"
19-->src\main\AndroidManifest.xml:13:9-49
20        android:required="false" />
20-->src\main\AndroidManifest.xml:14:9-33
21
22    <uses-permission android:name="android.permission.NFC" />
22-->src\main\AndroidManifest.xml:16:5-61
22-->src\main\AndroidManifest.xml:16:22-59
23    <uses-permission android:name="android.permission.WRITE_EXTERNAL_STORAGE" />
23-->src\main\AndroidManifest.xml:17:5-80
23-->src\main\AndroidManifest.xml:17:22-78
24    <uses-permission android:name="android.permission.READ_EXTERNAL_STORAGE" />
24-->src\main\AndroidManifest.xml:18:5-79
24-->src\main\AndroidManifest.xml:18:22-77
25
26    <permission
26-->[androidx.core:core:1.9.0] AndroidManifest.xml:22:5-24:47
27        android:name="com.helirfid.DYNAMIC_RECEIVER_NOT_EXPORTED_PERMISSION"
27-->[androidx.core:core:1.9.0] AndroidManifest.xml:23:9-81
28        android:protectionLevel="signature" />
28-->[androidx.core:core:1.9.0] AndroidManifest.xml:24:9-44
29
30    <uses-permission android:name="com.helirfid.DYNAMIC_RECEIVER_NOT_EXPORTED_PERMISSION" />
30-->[androidx.core:core:1.9.0] AndroidManifest.xml:26:5-97
30-->[androidx.core:core:1.9.0] AndroidManifest.xml:26:22-94
31
32    <application
32-->src\main\AndroidManifest.xml:20:5-192:19
33        android:appComponentFactory="androidx.core.app.CoreComponentFactory"
33-->[androidx.core:core:1.9.0] AndroidManifest.xml:28:18-86
34        android:extractNativeLibs="false"
35        android:icon="@mipmap/ic_launcher"
35-->src\main\AndroidManifest.xml:21:9-43
36        android:label="HeliRFID 專業版"
36-->src\main\AndroidManifest.xml:23:9-37
37        android:requestLegacyExternalStorage="true"
37-->src\main\AndroidManifest.xml:24:9-52
38        android:roundIcon="@mipmap/ic_launcher"
38-->src\main\AndroidManifest.xml:22:9-48
39        android:theme="@style/AppTheme" >
39-->src\main\AndroidManifest.xml:25:9-40
40        <activity
40-->src\main\AndroidManifest.xml:27:9-37:20
41            android:name="com.helirfid.SplashActivity"
41-->src\main\AndroidManifest.xml:27:19-49
42            android:exported="true" >
42-->src\main\AndroidManifest.xml:28:13-36
43            <intent-filter>
43-->src\main\AndroidManifest.xml:30:13-35:29
44                <action android:name="android.intent.action.MAIN" />
44-->src\main\AndroidManifest.xml:32:17-68
44-->src\main\AndroidManifest.xml:32:25-66
45
46                <category android:name="android.intent.category.LAUNCHER" />
46-->src\main\AndroidManifest.xml:33:17-76
46-->src\main\AndroidManifest.xml:33:27-74
47            </intent-filter>
48        </activity>
49        <activity
49-->src\main\AndroidManifest.xml:39:9-62:20
50            android:name="com.helirfid.MainActivity"
50-->src\main\AndroidManifest.xml:39:19-47
51            android:exported="true"
51-->src\main\AndroidManifest.xml:40:13-36
52            android:launchMode="singleTask" >
52-->src\main\AndroidManifest.xml:41:13-44
53            <intent-filter>
53-->src\main\AndroidManifest.xml:43:13-47:29
54                <action android:name="android.nfc.action.NDEF_DISCOVERED" />
54-->src\main\AndroidManifest.xml:44:17-76
54-->src\main\AndroidManifest.xml:44:25-74
55
56                <category android:name="android.intent.category.DEFAULT" />
56-->src\main\AndroidManifest.xml:45:17-75
56-->src\main\AndroidManifest.xml:45:27-73
57
58                <data android:scheme="vnd.android.nfc" />
58-->src\main\AndroidManifest.xml:46:17-57
58-->src\main\AndroidManifest.xml:46:23-55
59            </intent-filter>
60            <intent-filter>
60-->src\main\AndroidManifest.xml:49:13-52:29
61                <action android:name="android.nfc.action.TECH_DISCOVERED" />
61-->src\main\AndroidManifest.xml:50:17-76
61-->src\main\AndroidManifest.xml:50:25-74
62
63                <category android:name="android.intent.category.DEFAULT" />
63-->src\main\AndroidManifest.xml:45:17-75
63-->src\main\AndroidManifest.xml:45:27-73
64            </intent-filter>
65            <intent-filter>
65-->src\main\AndroidManifest.xml:54:13-57:29
66                <action android:name="android.nfc.action.TAG_DISCOVERED" />
66-->src\main\AndroidManifest.xml:55:17-75
66-->src\main\AndroidManifest.xml:55:25-73
67
68                <category android:name="android.intent.category.DEFAULT" />
68-->src\main\AndroidManifest.xml:45:17-75
68-->src\main\AndroidManifest.xml:45:27-73
69            </intent-filter>
70
71            <meta-data
71-->src\main\AndroidManifest.xml:59:13-60:58
72                android:name="android.nfc.action.TECH_DISCOVERED"
72-->src\main\AndroidManifest.xml:59:24-73
73                android:resource="@xml/nfc_tech_filter" />
73-->src\main\AndroidManifest.xml:60:17-56
74        </activity>
75        <activity
75-->src\main\AndroidManifest.xml:64:9-66:57
76            android:name="com.helirfid.MemoryDumpActivity"
76-->src\main\AndroidManifest.xml:64:19-53
77            android:exported="true"
77-->src\main\AndroidManifest.xml:65:13-36
78            android:parentActivityName="com.helirfid.MainActivity" />
78-->src\main\AndroidManifest.xml:66:13-55
79        <activity
79-->src\main\AndroidManifest.xml:68:9-70:57
80            android:name="com.helirfid.WriteActivity"
80-->src\main\AndroidManifest.xml:68:19-48
81            android:exported="true"
81-->src\main\AndroidManifest.xml:69:13-36
82            android:parentActivityName="com.helirfid.MainActivity" />
82-->src\main\AndroidManifest.xml:70:13-55
83        <activity
83-->src\main\AndroidManifest.xml:72:9-74:57
84            android:name="com.helirfid.TagInfoActivity"
84-->src\main\AndroidManifest.xml:72:19-50
85            android:exported="true"
85-->src\main\AndroidManifest.xml:73:13-36
86            android:parentActivityName="com.helirfid.MainActivity" />
86-->src\main\AndroidManifest.xml:74:13-55
87        <activity
87-->src\main\AndroidManifest.xml:76:9-78:57
88            android:name="com.helirfid.ToolsActivity"
88-->src\main\AndroidManifest.xml:76:19-48
89            android:exported="true"
89-->src\main\AndroidManifest.xml:77:13-36
90            android:parentActivityName="com.helirfid.MainActivity" />
90-->src\main\AndroidManifest.xml:78:13-55
91        <activity
91-->src\main\AndroidManifest.xml:80:9-82:58
92            android:name="com.helirfid.KeyManagementActivity"
92-->src\main\AndroidManifest.xml:80:19-56
93            android:exported="true"
93-->src\main\AndroidManifest.xml:81:13-36
94            android:parentActivityName="com.helirfid.ToolsActivity" />
94-->src\main\AndroidManifest.xml:82:13-56
95        <activity
95-->src\main\AndroidManifest.xml:84:9-86:58
96            android:name="com.helirfid.DiffToolActivity"
96-->src\main\AndroidManifest.xml:84:19-51
97            android:exported="true"
97-->src\main\AndroidManifest.xml:85:13-36
98            android:parentActivityName="com.helirfid.ToolsActivity" />
98-->src\main\AndroidManifest.xml:86:13-56
99        <activity
99-->src\main\AndroidManifest.xml:88:9-90:58
100            android:name="com.helirfid.LogViewerActivity"
100-->src\main\AndroidManifest.xml:88:19-52
101            android:exported="true"
101-->src\main\AndroidManifest.xml:89:13-36
102            android:parentActivityName="com.helirfid.ToolsActivity" />
102-->src\main\AndroidManifest.xml:90:13-56
103        <activity
103-->src\main\AndroidManifest.xml:92:9-94:63
104            android:name="com.helirfid.CloneActivity"
104-->src\main\AndroidManifest.xml:92:19-48
105            android:exported="true"
105-->src\main\AndroidManifest.xml:93:13-36
106            android:parentActivityName="com.helirfid.MemoryDumpActivity" />
106-->src\main\AndroidManifest.xml:94:13-61
107        <activity
107-->src\main\AndroidManifest.xml:96:9-98:58
108            android:name="com.helirfid.ApduConsoleActivity"
108-->src\main\AndroidManifest.xml:96:19-54
109            android:exported="true"
109-->src\main\AndroidManifest.xml:97:13-36
110            android:parentActivityName="com.helirfid.ToolsActivity" />
110-->src\main\AndroidManifest.xml:98:13-56
111        <activity
111-->src\main\AndroidManifest.xml:100:9-102:58
112            android:name="com.helirfid.MagicCardActivity"
112-->src\main\AndroidManifest.xml:100:19-52
113            android:exported="true"
113-->src\main\AndroidManifest.xml:101:13-36
114            android:parentActivityName="com.helirfid.ToolsActivity" />
114-->src\main\AndroidManifest.xml:102:13-56
115        <activity
115-->src\main\AndroidManifest.xml:104:9-106:58
116            android:name="com.helirfid.DumpEditorActivity"
116-->src\main\AndroidManifest.xml:104:19-53
117            android:exported="true"
117-->src\main\AndroidManifest.xml:105:13-36
118            android:parentActivityName="com.helirfid.ToolsActivity" />
118-->src\main\AndroidManifest.xml:106:13-56
119        <activity
119-->src\main\AndroidManifest.xml:108:9-110:58
120            android:name="com.helirfid.UidGeneratorActivity"
120-->src\main\AndroidManifest.xml:108:19-55
121            android:exported="true"
121-->src\main\AndroidManifest.xml:109:13-36
122            android:parentActivityName="com.helirfid.ToolsActivity" />
122-->src\main\AndroidManifest.xml:110:13-56
123        <activity
123-->src\main\AndroidManifest.xml:112:9-114:58
124            android:name="com.helirfid.ShareActivity"
124-->src\main\AndroidManifest.xml:112:19-48
125            android:exported="true"
125-->src\main\AndroidManifest.xml:113:13-36
126            android:parentActivityName="com.helirfid.ToolsActivity" />
126-->src\main\AndroidManifest.xml:114:13-56
127        <activity
127-->src\main\AndroidManifest.xml:116:9-118:58
128            android:name="com.helirfid.DataConverterActivity"
128-->src\main\AndroidManifest.xml:116:19-56
129            android:exported="true"
129-->src\main\AndroidManifest.xml:117:13-36
130            android:parentActivityName="com.helirfid.ToolsActivity" />
130-->src\main\AndroidManifest.xml:118:13-56
131        <activity
131-->src\main\AndroidManifest.xml:120:9-122:58
132            android:name="com.helirfid.ScanLogActivity"
132-->src\main\AndroidManifest.xml:120:19-50
133            android:exported="true"
133-->src\main\AndroidManifest.xml:121:13-36
134            android:parentActivityName="com.helirfid.ToolsActivity" />
134-->src\main\AndroidManifest.xml:122:13-56
135        <activity
135-->src\main\AndroidManifest.xml:124:9-126:58
136            android:name="com.helirfid.ValueBlockActivity"
136-->src\main\AndroidManifest.xml:124:19-53
137            android:exported="true"
137-->src\main\AndroidManifest.xml:125:13-36
138            android:parentActivityName="com.helirfid.ToolsActivity" />
138-->src\main\AndroidManifest.xml:126:13-56
139        <activity
139-->src\main\AndroidManifest.xml:128:9-130:58
140            android:name="com.helirfid.AdvancedKeyManagerActivity"
140-->src\main\AndroidManifest.xml:128:19-61
141            android:exported="true"
141-->src\main\AndroidManifest.xml:129:13-36
142            android:parentActivityName="com.helirfid.ToolsActivity" />
142-->src\main\AndroidManifest.xml:130:13-56
143        <activity
143-->src\main\AndroidManifest.xml:132:9-134:58
144            android:name="com.helirfid.NfcVActivity"
144-->src\main\AndroidManifest.xml:132:19-47
145            android:exported="true"
145-->src\main\AndroidManifest.xml:133:13-36
146            android:parentActivityName="com.helirfid.ToolsActivity" />
146-->src\main\AndroidManifest.xml:134:13-56
147        <activity
147-->src\main\AndroidManifest.xml:136:9-138:58
148            android:name="com.helirfid.HceActivity"
148-->src\main\AndroidManifest.xml:136:19-46
149            android:exported="true"
149-->src\main\AndroidManifest.xml:137:13-36
150            android:parentActivityName="com.helirfid.ToolsActivity" />
150-->src\main\AndroidManifest.xml:138:13-56
151        <activity
151-->src\main\AndroidManifest.xml:140:9-142:58
152            android:name="com.helirfid.DesfireActivity"
152-->src\main\AndroidManifest.xml:140:19-50
153            android:exported="true"
153-->src\main\AndroidManifest.xml:141:13-36
154            android:parentActivityName="com.helirfid.ToolsActivity" />
154-->src\main\AndroidManifest.xml:142:13-56
155        <activity
155-->src\main\AndroidManifest.xml:144:9-146:58
156            android:name="com.helirfid.FelicaActivity"
156-->src\main\AndroidManifest.xml:144:19-49
157            android:exported="true"
157-->src\main\AndroidManifest.xml:145:13-36
158            android:parentActivityName="com.helirfid.ToolsActivity" />
158-->src\main\AndroidManifest.xml:146:13-56
159        <activity
159-->src\main\AndroidManifest.xml:148:9-150:58
160            android:name="com.helirfid.SectorSelectActivity"
160-->src\main\AndroidManifest.xml:148:19-55
161            android:exported="true"
161-->src\main\AndroidManifest.xml:149:13-36
162            android:parentActivityName="com.helirfid.ToolsActivity" />
162-->src\main\AndroidManifest.xml:150:13-56
163        <activity
163-->src\main\AndroidManifest.xml:152:9-154:58
164            android:name="com.helirfid.VerifyActivity"
164-->src\main\AndroidManifest.xml:152:19-49
165            android:exported="true"
165-->src\main\AndroidManifest.xml:153:13-36
166            android:parentActivityName="com.helirfid.ToolsActivity" />
166-->src\main\AndroidManifest.xml:154:13-56
167        <activity
167-->src\main\AndroidManifest.xml:156:9-158:58
168            android:name="com.helirfid.TraceViewerActivity"
168-->src\main\AndroidManifest.xml:156:19-54
169            android:exported="true"
169-->src\main\AndroidManifest.xml:157:13-36
170            android:parentActivityName="com.helirfid.ToolsActivity" />
170-->src\main\AndroidManifest.xml:158:13-56
171        <activity
171-->src\main\AndroidManifest.xml:160:9-162:58
172            android:name="com.helirfid.KeyRecoveryActivity"
172-->src\main\AndroidManifest.xml:160:19-54
173            android:exported="true"
173-->src\main\AndroidManifest.xml:161:13-36
174            android:parentActivityName="com.helirfid.ToolsActivity" />
174-->src\main\AndroidManifest.xml:162:13-56
175        <activity
175-->src\main\AndroidManifest.xml:164:9-176:20
176            android:name="com.helirfid.Acr122uActivity"
176-->src\main\AndroidManifest.xml:164:19-50
177            android:exported="true"
177-->src\main\AndroidManifest.xml:165:13-36
178            android:parentActivityName="com.helirfid.ToolsActivity" >
178-->src\main\AndroidManifest.xml:166:13-56
179            <intent-filter>
179-->src\main\AndroidManifest.xml:168:13-170:29
180                <action android:name="android.hardware.usb.action.USB_DEVICE_ATTACHED" />
180-->src\main\AndroidManifest.xml:169:17-89
180-->src\main\AndroidManifest.xml:169:25-87
181            </intent-filter>
182
183            <meta-data
183-->src\main\AndroidManifest.xml:172:13-174:56
184                android:name="android.hardware.usb.action.USB_DEVICE_ATTACHED"
184-->src\main\AndroidManifest.xml:173:17-79
185                android:resource="@xml/device_filter" />
185-->src\main\AndroidManifest.xml:174:17-54
186        </activity>
187        <activity
187-->src\main\AndroidManifest.xml:178:9-180:57
188            android:name="com.helirfid.HelpActivity"
188-->src\main\AndroidManifest.xml:178:19-47
189            android:exported="true"
189-->src\main\AndroidManifest.xml:179:13-36
190            android:parentActivityName="com.helirfid.MainActivity" />
190-->src\main\AndroidManifest.xml:180:13-55
191
192        <provider
193            android:name="androidx.core.content.FileProvider"
193-->src\main\AndroidManifest.xml:183:13-62
194            android:authorities="com.helirfid.fileprovider"
194-->src\main\AndroidManifest.xml:184:13-64
195            android:exported="false"
195-->src\main\AndroidManifest.xml:185:13-37
196            android:grantUriPermissions="true" >
196-->src\main\AndroidManifest.xml:186:13-47
197            <meta-data
197-->src\main\AndroidManifest.xml:187:13-189:53
198                android:name="android.support.FILE_PROVIDER_PATHS"
198-->src\main\AndroidManifest.xml:188:17-67
199                android:resource="@xml/file_paths" />
199-->src\main\AndroidManifest.xml:189:17-51
200        </provider>
201        <provider
201-->[androidx.emoji2:emoji2:1.2.0] AndroidManifest.xml:24:9-32:20
202            android:name="androidx.startup.InitializationProvider"
202-->[androidx.emoji2:emoji2:1.2.0] AndroidManifest.xml:25:13-67
203            android:authorities="com.helirfid.androidx-startup"
203-->[androidx.emoji2:emoji2:1.2.0] AndroidManifest.xml:26:13-68
204            android:exported="false" >
204-->[androidx.emoji2:emoji2:1.2.0] AndroidManifest.xml:27:13-37
205            <meta-data
205-->[androidx.emoji2:emoji2:1.2.0] AndroidManifest.xml:29:13-31:52
206                android:name="androidx.emoji2.text.EmojiCompatInitializer"
206-->[androidx.emoji2:emoji2:1.2.0] AndroidManifest.xml:30:17-75
207                android:value="androidx.startup" />
207-->[androidx.emoji2:emoji2:1.2.0] AndroidManifest.xml:31:17-49
208            <meta-data
208-->[androidx.lifecycle:lifecycle-process:2.6.1] AndroidManifest.xml:29:13-31:52
209                android:name="androidx.lifecycle.ProcessLifecycleInitializer"
209-->[androidx.lifecycle:lifecycle-process:2.6.1] AndroidManifest.xml:30:17-78
210                android:value="androidx.startup" />
210-->[androidx.lifecycle:lifecycle-process:2.6.1] AndroidManifest.xml:31:17-49
211            <meta-data
211-->[androidx.profileinstaller:profileinstaller:1.3.0] AndroidManifest.xml:29:13-31:52
212                android:name="androidx.profileinstaller.ProfileInstallerInitializer"
212-->[androidx.profileinstaller:profileinstaller:1.3.0] AndroidManifest.xml:30:17-85
213                android:value="androidx.startup" />
213-->[androidx.profileinstaller:profileinstaller:1.3.0] AndroidManifest.xml:31:17-49
214        </provider>
215
216        <receiver
216-->[androidx.profileinstaller:profileinstaller:1.3.0] AndroidManifest.xml:34:9-52:20
217            android:name="androidx.profileinstaller.ProfileInstallReceiver"
217-->[androidx.profileinstaller:profileinstaller:1.3.0] AndroidManifest.xml:35:13-76
218            android:directBootAware="false"
218-->[androidx.profileinstaller:profileinstaller:1.3.0] AndroidManifest.xml:36:13-44
219            android:enabled="true"
219-->[androidx.profileinstaller:profileinstaller:1.3.0] AndroidManifest.xml:37:13-35
220            android:exported="true"
220-->[androidx.profileinstaller:profileinstaller:1.3.0] AndroidManifest.xml:38:13-36
221            android:permission="android.permission.DUMP" >
221-->[androidx.profileinstaller:profileinstaller:1.3.0] AndroidManifest.xml:39:13-57
222            <intent-filter>
222-->[androidx.profileinstaller:profileinstaller:1.3.0] AndroidManifest.xml:40:13-42:29
223                <action android:name="androidx.profileinstaller.action.INSTALL_PROFILE" />
223-->[androidx.profileinstaller:profileinstaller:1.3.0] AndroidManifest.xml:41:17-91
223-->[androidx.profileinstaller:profileinstaller:1.3.0] AndroidManifest.xml:41:25-88
224            </intent-filter>
225            <intent-filter>
225-->[androidx.profileinstaller:profileinstaller:1.3.0] AndroidManifest.xml:43:13-45:29
226                <action android:name="androidx.profileinstaller.action.SKIP_FILE" />
226-->[androidx.profileinstaller:profileinstaller:1.3.0] AndroidManifest.xml:44:17-85
226-->[androidx.profileinstaller:profileinstaller:1.3.0] AndroidManifest.xml:44:25-82
227            </intent-filter>
228            <intent-filter>
228-->[androidx.profileinstaller:profileinstaller:1.3.0] AndroidManifest.xml:46:13-48:29
229                <action android:name="androidx.profileinstaller.action.SAVE_PROFILE" />
229-->[androidx.profileinstaller:profileinstaller:1.3.0] AndroidManifest.xml:47:17-88
229-->[androidx.profileinstaller:profileinstaller:1.3.0] AndroidManifest.xml:47:25-85
230            </intent-filter>
231            <intent-filter>
231-->[androidx.profileinstaller:profileinstaller:1.3.0] AndroidManifest.xml:49:13-51:29
232                <action android:name="androidx.profileinstaller.action.BENCHMARK_OPERATION" />
232-->[androidx.profileinstaller:profileinstaller:1.3.0] AndroidManifest.xml:50:17-95
232-->[androidx.profileinstaller:profileinstaller:1.3.0] AndroidManifest.xml:50:25-92
233            </intent-filter>
234        </receiver>
235    </application>
236
237</manifest>